TN:
SF:/Users/RyuMyeonghan/Library/Mobile Documents/com~apple~CloudDocs/2017-2/SWPP/assignments/assignment2/hw2/skeleton/src/polyfills.ts
FNF:0
FNH:0
DA:41,1
DA:42,1
DA:56,1
LF:3
LH:3
BRF:0
BRH:0
end_of_record
TN:
SF:/Users/RyuMyeonghan/Library/Mobile Documents/com~apple~CloudDocs/2017-2/SWPP/assignments/assignment2/hw2/skeleton/src/test.ts
FN:20,(anonymous_0)
FNF:1
FNH:1
FNDA:1,(anonymous_0)
DA:3,1
DA:4,1
DA:5,1
DA:6,1
DA:7,1
DA:8,1
DA:9,1
DA:10,1
DA:20,1
DA:23,1
DA:28,1
DA:30,1
DA:32,1
LF:13
LH:13
BRF:0
BRH:0
end_of_record
TN:
SF:/Users/RyuMyeonghan/Library/Mobile Documents/com~apple~CloudDocs/2017-2/SWPP/assignments/assignment2/hw2/skeleton/src/app/blog.service.ts
FN:6,(anonymous_2)
FN:17,(anonymous_4)
FN:28,(anonymous_6)
FN:42,(anonymous_8)
FN:49,BlogService
FN:51,(anonymous_10)
FN:54,(anonymous_11)
FN:58,(anonymous_12)
FN:62,(anonymous_13)
FN:66,(anonymous_14)
FN:69,(anonymous_15)
FN:73,(anonymous_16)
FN:77,(anonymous_17)
FN:98,(anonymous_18)
FN:101,(anonymous_19)
FN:113,(anonymous_20)
FN:117,(anonymous_21)
FN:121,(anonymous_22)
FN:126,(anonymous_23)
FN:130,(anonymous_24)
FN:134,(anonymous_25)
FN:138,(anonymous_26)
FN:142,(anonymous_27)
FN:146,(anonymous_28)
FN:151,(anonymous_29)
FN:155,(anonymous_30)
FN:159,(anonymous_31)
FN:179,(anonymous_32)
FN:184,(anonymous_33)
FN:188,(anonymous_34)
FN:192,(anonymous_35)
FN:197,(anonymous_36)
FN:201,(anonymous_37)
FN:219,(anonymous_38)
FNF:34
FNH:4
FNDA:1,(anonymous_2)
FNDA:1,(anonymous_4)
FNDA:1,(anonymous_6)
FNDA:1,(anonymous_8)
FNDA:0,BlogService
FNDA:0,(anonymous_10)
FNDA:0,(anonymous_11)
FNDA:0,(anonymous_12)
FNDA:0,(anonymous_13)
FNDA:0,(anonymous_14)
FNDA:0,(anonymous_15)
FNDA:0,(anonymous_16)
FNDA:0,(anonymous_17)
FNDA:0,(anonymous_18)
FNDA:0,(anonymous_19)
FNDA:0,(anonymous_20)
FNDA:0,(anonymous_21)
FNDA:0,(anonymous_22)
FNDA:0,(anonymous_23)
FNDA:0,(anonymous_24)
FNDA:0,(anonymous_25)
FNDA:0,(anonymous_26)
FNDA:0,(anonymous_27)
FNDA:0,(anonymous_28)
FNDA:0,(anonymous_29)
FNDA:0,(anonymous_30)
FNDA:0,(anonymous_31)
FNDA:0,(anonymous_32)
FNDA:0,(anonymous_33)
FNDA:0,(anonymous_34)
FNDA:0,(anonymous_35)
FNDA:0,(anonymous_36)
FNDA:0,(anonymous_37)
FNDA:0,(anonymous_38)
DA:1,1
DA:2,1
DA:4,1
DA:6,1
DA:15,1
DA:17,1
DA:26,1
DA:28,1
DA:39,1
DA:42,1
DA:43,0
DA:44,0
DA:45,0
DA:46,0
DA:47,0
DA:49,0
DA:51,1
DA:52,0
DA:54,0
DA:58,1
DA:59,0
DA:60,0
DA:62,0
DA:66,1
DA:67,0
DA:69,0
DA:73,1
DA:74,0
DA:75,0
DA:77,0
DA:98,1
DA:99,0
DA:101,0
DA:113,1
DA:114,0
DA:117,0
DA:121,1
DA:122,0
DA:123,0
DA:126,0
DA:130,1
DA:131,0
DA:132,0
DA:134,0
DA:138,1
DA:139,0
DA:142,0
DA:146,1
DA:147,0
DA:148,0
DA:151,0
DA:155,1
DA:156,0
DA:157,0
DA:159,0
DA:179,1
DA:180,0
DA:181,0
DA:184,0
DA:188,1
DA:189,0
DA:192,1
DA:193,0
DA:197,1
DA:198,0
DA:201,1
DA:202,0
DA:203,0
DA:204,0
DA:205,0
DA:206,0
DA:219,1
DA:220,0
DA:221,0
DA:223,1
LF:75
LH:28
BRDA:221,0,0,0
BRDA:221,0,1,0
BRDA:49,1,0,1
BRDA:49,1,1,0
BRDA:49,2,0,1
BRF:5
BRH:2
end_of_record
TN:
SF:/Users/RyuMyeonghan/Library/Mobile Documents/com~apple~CloudDocs/2017-2/SWPP/assignments/assignment2/hw2/skeleton/src/app/in-memory-data.service.ts
FN:47,(anonymous_0)
FN:50,(anonymous_2)
FNF:2
FNH:1
FNDA:1,(anonymous_0)
FNDA:0,(anonymous_2)
DA:1,1
DA:15,1
DA:40,1
DA:47,1
DA:50,1
DA:51,0
DA:64,0
DA:88,0
DA:93,0
DA:95,1
LF:10
LH:6
BRF:0
BRH:0
end_of_record
TN:
SF:/Users/RyuMyeonghan/Library/Mobile Documents/com~apple~CloudDocs/2017-2/SWPP/assignments/assignment2/hw2/skeleton/src/app/article/article-detail.component.ts
FN:22,(anonymous_2)
FN:30,ArticleDetailComponent
FN:36,(anonymous_4)
FN:38,(anonymous_5)
FN:39,(anonymous_6)
FN:48,(anonymous_7)
FN:50,(anonymous_8)
FN:56,(anonymous_9)
FN:60,(anonymous_10)
FN:61,(anonymous_11)
FN:64,(anonymous_12)
FN:68,(anonymous_13)
FN:74,(anonymous_14)
FN:79,(anonymous_15)
FNF:14
FNH:10
FNDA:1,(anonymous_2)
FNDA:6,ArticleDetailComponent
FNDA:4,(anonymous_4)
FNDA:4,(anonymous_5)
FNDA:4,(anonymous_6)
FNDA:5,(anonymous_7)
FNDA:5,(anonymous_8)
FNDA:1,(anonymous_9)
FNDA:4,(anonymous_10)
FNDA:4,(anonymous_11)
FNDA:0,(anonymous_12)
FNDA:0,(anonymous_13)
FNDA:0,(anonymous_14)
FNDA:0,(anonymous_15)
DA:1,1
DA:2,1
DA:4,1
DA:5,1
DA:6,1
DA:22,1
DA:30,6
DA:31,6
DA:32,6
DA:33,6
DA:36,4
DA:37,4
DA:38,4
DA:40,4
DA:41,4
DA:42,4
DA:44,4
DA:45,4
DA:48,5
DA:49,5
DA:51,5
DA:52,5
DA:56,1
DA:57,1
DA:60,4
DA:61,4
DA:64,1
DA:65,0
DA:68,1
DA:73,0
DA:75,0
DA:79,1
DA:80,0
DA:82,1
LF:34
LH:30
BRDA:30,0,0,1
BRDA:30,0,1,0
BRDA:30,1,0,1
BRDA:30,2,0,1
BRDA:30,2,1,1
BRDA:30,2,2,0
BRDA:30,3,0,1
BRDA:30,3,1,1
BRDA:31,4,0,1
BRDA:31,4,1,1
BRDA:31,4,2,0
BRDA:31,5,0,1
BRDA:31,5,1,1
BRDA:32,6,0,1
BRDA:32,6,1,1
BRDA:32,6,2,0
BRDA:32,7,0,1
BRDA:32,7,1,1
BRF:18
BRH:14
end_of_record
TN:
SF:/Users/RyuMyeonghan/Library/Mobile Documents/com~apple~CloudDocs/2017-2/SWPP/assignments/assignment2/hw2/skeleton/src/app/article/article-edit.component.ts
FN:19,(anonymous_2)
FN:21,ArticleEditComponent
FN:25,(anonymous_4)
FN:27,(anonymous_5)
FN:28,(anonymous_6)
FN:31,(anonymous_7)
FN:35,(anonymous_8)
FN:37,(anonymous_9)
FNF:8
FNH:2
FNDA:1,(anonymous_2)
FNDA:5,ArticleEditComponent
FNDA:0,(anonymous_4)
FNDA:0,(anonymous_5)
FNDA:0,(anonymous_6)
FNDA:0,(anonymous_7)
FNDA:0,(anonymous_8)
FNDA:0,(anonymous_9)
DA:1,1
DA:2,1
DA:3,1
DA:4,1
DA:6,1
DA:19,1
DA:21,5
DA:22,5
DA:23,5
DA:25,1
DA:26,0
DA:27,0
DA:28,0
DA:31,1
DA:32,0
DA:35,1
DA:36,0
DA:37,0
DA:39,1
LF:19
LH:13
BRDA:21,0,0,1
BRDA:21,0,1,0
BRDA:21,1,0,1
BRDA:21,2,0,1
BRDA:21,2,1,1
BRDA:21,2,2,0
BRDA:21,3,0,1
BRDA:21,3,1,1
BRDA:22,4,0,1
BRDA:22,4,1,1
BRDA:22,4,2,0
BRDA:22,5,0,1
BRDA:22,5,1,1
BRF:13
BRH:10
end_of_record
TN:
SF:/Users/RyuMyeonghan/Library/Mobile Documents/com~apple~CloudDocs/2017-2/SWPP/assignments/assignment2/hw2/skeleton/src/app/article/article-list.component.ts
FN:22,(anonymous_2)
FN:26,ArticleListComponent
FN:30,(anonymous_4)
FN:35,(anonymous_5)
FN:39,(anonymous_6)
FN:41,(anonymous_7)
FN:44,(anonymous_8)
FN:46,(anonymous_9)
FN:49,(anonymous_10)
FN:50,(anonymous_11)
FN:53,(anonymous_12)
FNF:11
FNH:11
FNDA:1,(anonymous_2)
FNDA:9,ArticleListComponent
FNDA:2,(anonymous_4)
FNDA:1,(anonymous_5)
FNDA:1,(anonymous_6)
FNDA:1,(anonymous_7)
FNDA:1,(anonymous_8)
FNDA:1,(anonymous_9)
FNDA:1,(anonymous_10)
FNDA:1,(anonymous_11)
FNDA:1,(anonymous_12)
DA:1,1
DA:2,1
DA:3,1
DA:22,1
DA:26,9
DA:27,9
DA:30,1
DA:31,2
DA:32,2
DA:35,1
DA:36,1
DA:39,1
DA:40,1
DA:41,1
DA:44,1
DA:45,1
DA:46,1
DA:49,1
DA:50,1
DA:53,1
DA:54,1
DA:57,1
LF:22
LH:22
BRDA:26,0,0,1
BRDA:26,0,1,0
BRDA:26,1,0,1
BRDA:26,2,0,1
BRDA:26,2,1,1
BRDA:26,2,2,0
BRDA:26,3,0,1
BRDA:26,3,1,1
BRF:8
BRH:6
end_of_record
TN:
SF:/Users/RyuMyeonghan/Library/Mobile Documents/com~apple~CloudDocs/2017-2/SWPP/assignments/assignment2/hw2/skeleton/src/app/article/article-preview.component.ts
FN:16,(anonymous_2)
FN:16,ArticlePreviewComponent
FNF:2
FNH:1
FNDA:1,(anonymous_2)
FNDA:0,ArticlePreviewComponent
DA:1,1
DA:16,1
DA:17,1
DA:18,1
DA:19,1
LF:5
LH:5
BRF:0
BRH:0
end_of_record
TN:
SF:/Users/RyuMyeonghan/Library/Mobile Documents/com~apple~CloudDocs/2017-2/SWPP/assignments/assignment2/hw2/skeleton/src/app/comment/comment-create.component.ts
FN:15,(anonymous_2)
FN:20,CommentCreateComponent
FN:24,(anonymous_4)
FN:31,(anonymous_5)
FN:36,(anonymous_6)
FN:41,(anonymous_7)
FNF:6
FNH:1
FNDA:1,(anonymous_2)
FNDA:0,CommentCreateComponent
FNDA:0,(anonymous_4)
FNDA:0,(anonymous_5)
FNDA:0,(anonymous_6)
FNDA:0,(anonymous_7)
DA:1,1
DA:3,1
DA:4,1
DA:15,1
DA:16,1
DA:18,1
DA:20,0
DA:21,0
DA:24,1
DA:25,0
DA:26,0
DA:27,0
DA:29,0
DA:30,0
DA:32,0
DA:33,0
DA:34,0
DA:36,0
DA:38,0
DA:41,1
DA:42,0
DA:45,1
LF:22
LH:9
BRDA:25,0,0,0
BRDA:25,0,1,0
BRDA:16,1,0,1
BRDA:16,1,1,0
BRDA:16,2,0,1
BRDA:20,3,0,1
BRDA:20,3,1,0
BRDA:20,4,0,1
BRDA:20,5,0,1
BRDA:20,5,1,1
BRDA:20,5,2,0
BRDA:20,6,0,1
BRDA:20,6,1,1
BRF:13
BRH:8
end_of_record
TN:
SF:/Users/RyuMyeonghan/Library/Mobile Documents/com~apple~CloudDocs/2017-2/SWPP/assignments/assignment2/hw2/skeleton/src/app/comment/comment-detail.component.ts
FN:24,(anonymous_2)
FN:29,CommentDetailComponent
FN:32,(anonymous_4)
FN:36,(anonymous_5)
FN:38,(anonymous_6)
FN:41,(anonymous_7)
FN:45,(anonymous_8)
FN:47,(anonymous_9)
FNF:8
FNH:1
FNDA:1,(anonymous_2)
FNDA:0,CommentDetailComponent
FNDA:0,(anonymous_4)
FNDA:0,(anonymous_5)
FNDA:0,(anonymous_6)
FNDA:0,(anonymous_7)
FNDA:0,(anonymous_8)
FNDA:0,(anonymous_9)
DA:1,1
DA:2,1
DA:4,1
DA:24,1
DA:25,1
DA:27,0
DA:29,0
DA:30,0
DA:32,1
DA:33,0
DA:36,1
DA:37,0
DA:38,0
DA:41,1
DA:42,0
DA:45,1
DA:46,0
DA:47,0
DA:71,1
LF:19
LH:10
BRDA:25,0,0,1
BRDA:25,0,1,0
BRDA:25,1,0,1
BRDA:29,2,0,1
BRDA:29,2,1,0
BRDA:29,3,0,1
BRDA:29,4,0,1
BRDA:29,4,1,1
BRDA:29,4,2,0
BRDA:29,5,0,1
BRDA:29,5,1,1
BRF:11
BRH:8
end_of_record
TN:
SF:/Users/RyuMyeonghan/Library/Mobile Documents/com~apple~CloudDocs/2017-2/SWPP/assignments/assignment2/hw2/skeleton/src/app/comment/comment-display.component.ts
FN:12,(anonymous_2)
FN:12,CommentDisplayComponent
FNF:2
FNH:1
FNDA:1,(anonymous_2)
FNDA:0,CommentDisplayComponent
DA:1,1
DA:2,1
DA:12,1
DA:13,1
DA:14,1
DA:15,1
DA:17,1
LF:7
LH:7
BRDA:14,0,0,1
BRDA:14,0,1,0
BRDA:14,1,0,1
BRF:3
BRH:2
end_of_record
TN:
SF:/Users/RyuMyeonghan/Library/Mobile Documents/com~apple~CloudDocs/2017-2/SWPP/assignments/assignment2/hw2/skeleton/src/app/comment/comment-edit.component.ts
FN:13,(anonymous_2)
FN:13,CommentEditComponent
FNF:2
FNH:1
FNDA:1,(anonymous_2)
FNDA:0,CommentEditComponent
DA:1,1
DA:3,1
DA:13,1
DA:14,1
DA:15,1
DA:16,1
DA:18,1
LF:7
LH:7
BRDA:15,0,0,1
BRDA:15,0,1,0
BRDA:15,1,0,1
BRF:3
BRH:2
end_of_record
TN:
SF:/Users/RyuMyeonghan/Library/Mobile Documents/com~apple~CloudDocs/2017-2/SWPP/assignments/assignment2/hw2/skeleton/src/app/comment/comment-list.component.ts
FN:31,(anonymous_2)
FN:36,CommentListComponent
FN:40,(anonymous_4)
FN:45,(anonymous_5)
FN:47,(anonymous_6)
FN:48,(anonymous_7)
FN:52,(anonymous_8)
FN:54,(anonymous_9)
FN:57,(anonymous_10)
FN:58,(anonymous_11)
FN:61,(anonymous_12)
FN:66,(anonymous_13)
FN:67,(anonymous_14)
FN:70,(anonymous_15)
FNF:14
FNH:1
FNDA:1,(anonymous_2)
FNDA:0,CommentListComponent
FNDA:0,(anonymous_4)
FNDA:0,(anonymous_5)
FNDA:0,(anonymous_6)
FNDA:0,(anonymous_7)
FNDA:0,(anonymous_8)
FNDA:0,(anonymous_9)
FNDA:0,(anonymous_10)
FNDA:0,(anonymous_11)
FNDA:0,(anonymous_12)
FNDA:0,(anonymous_13)
FNDA:0,(anonymous_14)
FNDA:0,(anonymous_15)
DA:1,1
DA:2,1
DA:3,1
DA:31,1
DA:32,1
DA:36,0
DA:37,0
DA:40,1
DA:41,0
DA:42,0
DA:45,1
DA:46,0
DA:48,0
DA:52,1
DA:53,0
DA:54,0
DA:57,1
DA:58,0
DA:61,1
DA:65,0
DA:67,0
DA:70,1
DA:71,0
DA:73,1
LF:24
LH:12
BRDA:36,0,0,1
BRDA:36,0,1,0
BRDA:36,1,0,1
BRDA:36,2,0,1
BRDA:36,2,1,1
BRDA:36,2,2,0
BRDA:36,3,0,1
BRDA:36,3,1,1
BRF:8
BRH:6
end_of_record
